2024-04-09 10:14:49,686 - __main__ - INFO - Пользователь @KholmogorovEA (ID: 1496521183) отправил сообщение: hello
2024-04-09 10:14:50,979 - __main__ - INFO - Вызов async_get_answer для пользователя @KholmogorovEA (ID: 1496521183) с запросом: hello
2024-04-09 10:14:55,246 - __main__ - INFO - Ответ от async_get_answer для @KholmogorovEA (ID: 1496521183): Привет! Чем могу помочь?
2024-04-09 10:14:55,476 - __main__ - INFO - Обработка сообщения от пользователя @KholmogorovEA завершена
2024-04-09 10:15:07,232 - __main__ - INFO - Пользователь @KholmogorovEA (ID: 1496521183) отправил сообщение: расскажи о себе ты кто?
2024-04-09 10:15:08,428 - __main__ - INFO - Вызов async_get_answer для пользователя @KholmogorovEA (ID: 1496521183) с запросом: расскажи о себе ты кто?
2024-04-09 10:15:13,188 - __main__ - INFO - Ответ от async_get_answer для @KholmogorovEA (ID: 1496521183): Меня зовут Алло, я консультант компании Alloca, специализирующейся на инвестировании в криптовалютные проекты ранних стадий. Могу помочь вам с вопросами об инвестировании и криптовалютах. Чем могу помочь вам сегодня?
2024-04-09 10:15:13,513 - __main__ - INFO - Обработка сообщения от пользователя @KholmogorovEA завершена
2024-04-09 10:15:38,427 - __main__ - INFO - Пользователь @KholmogorovEA (ID: 1496521183) отправил сообщение: по чем биток нынче?
2024-04-09 10:15:39,581 - __main__ - INFO - Вызов async_get_answer для пользователя @KholmogorovEA (ID: 1496521183) с запросом: по чем биток нынче?
2024-04-09 10:15:44,770 - __main__ - INFO - Ответ от async_get_answer для @KholmogorovEA (ID: 1496521183): Извините, но я могу помочь вам только с вопросами, связанными с инвестированием в криптовалютные проекты ранних стадий. Если у вас есть такие вопросы, буду рад помочь!
2024-04-09 10:15:44,986 - __main__ - INFO - Обработка сообщения от пользователя @KholmogorovEA завершена
2024-04-09 10:15:55,607 - __main__ - INFO - Пользователь @KholmogorovEA (ID: 1496521183) отправил сообщение: какими проетами?
2024-04-09 10:15:56,840 - __main__ - INFO - Вызов async_get_answer для пользователя @KholmogorovEA (ID: 1496521183) с запросом: какими проетами?
2024-04-09 10:16:02,044 - __main__ - INFO - Ответ от async_get_answer для @KholmogorovEA (ID: 1496521183): Извините, но я могу помочь вам только с вопросами, связанными с инвестированием в криптовалютные проекты ранних стадий. Если у вас есть такие вопросы, буду рад помочь!
2024-04-09 10:16:02,412 - __main__ - INFO - Обработка сообщения от пользователя @KholmogorovEA завершена
2024-04-09 10:16:19,529 - __main__ - INFO - Пользователь @KholmogorovEA (ID: 1496521183) отправил сообщение: какие проекты ты знаешь?
2024-04-09 10:16:20,870 - __main__ - INFO - Вызов async_get_answer для пользователя @KholmogorovEA (ID: 1496521183) с запросом: какие проекты ты знаешь?
2024-04-09 10:16:25,713 - __main__ - INFO - Ответ от async_get_answer для @KholmogorovEA (ID: 1496521183): Извините, но я могу помочь только с вопросами, связанными с инвестированием в криптовалютные проекты ранних стадий. Если у вас есть такие вопросы, буду рад помочь!
2024-04-09 10:16:26,128 - __main__ - INFO - Обработка сообщения от пользователя @KholmogorovEA завершена
2024-04-09 10:16:39,905 - __main__ - INFO - Пользователь @KholmogorovEA (ID: 1496521183) отправил сообщение: помоги заработать денег
2024-04-09 10:16:41,087 - __main__ - INFO - Вызов async_get_answer для пользователя @KholmogorovEA (ID: 1496521183) с запросом: помоги заработать денег
2024-04-09 10:16:46,817 - __main__ - INFO - Ответ от async_get_answer для @KholmogorovEA (ID: 1496521183): Извините, но я могу помочь только с вопросами, связанными с инвестированием в криптовалютные проекты ранних стадий. Если у вас есть такие вопросы, буду рад помочь!
2024-04-09 10:16:47,901 - __main__ - INFO - Обработка сообщения от пользователя @KholmogorovEA завершена
2024-04-09 10:46:44,290 - __main__ - ERROR - All rihgt установлено
2024-04-09 12:03:08,465 - __main__ - ERROR - All rihgt установлено
2024-04-09 12:13:16,294 - __main__ - ERROR - All rihgt установлено
2024-04-09 12:15:13,552 - __main__ - ERROR - All rihgt установлено
2024-04-09 12:22:38,535 - __main__ - ERROR - Ошибка синтеза речи: 400
2024-04-09 12:22:39,938 - __main__ - ERROR - All rihgt установлено
2024-04-09 12:30:21,252 - __main__ - ERROR - Ошибка синтеза речи: 400
2024-04-09 12:30:23,157 - __main__ - ERROR - All rihgt установлено
2024-04-09 12:32:32,343 - __main__ - ERROR - Ошибка синтеза речи: 400
2024-04-09 12:32:33,816 - __main__ - ERROR - All rihgt установлено
2024-04-09 12:32:56,343 - __main__ - ERROR - Ошибка синтеза речи: 400
2024-04-09 12:32:58,147 - __main__ - ERROR - All rihgt установлено
2024-04-09 12:37:38,431 - __main__ - ERROR - Ошибка синтеза речи: 400
2024-04-09 12:37:39,973 - __main__ - ERROR - All rihgt установлено
2024-04-09 12:47:37,681 - __main__ - ERROR - Ошибка синтеза речи: 400
2024-04-09 12:47:39,318 - __main__ - ERROR - All rihgt установлено
2024-04-09 12:49:54,374 - __main__ - ERROR - Ошибка синтеза речи: 400
2024-04-09 12:49:56,080 - __main__ - ERROR - All rihgt установлено
2024-04-09 12:52:31,859 - __main__ - ERROR - Ошибка синтеза речи: 400
2024-04-09 12:52:33,776 - __main__ - ERROR - All rihgt установлено
2024-04-09 13:02:47,930 - __main__ - ERROR - Ошибка синтеза речи: 400
2024-04-09 13:02:49,443 - __main__ - ERROR - All rihgt установлено
2024-04-09 13:03:27,324 - __main__ - INFO - Пользователь @KholmogorovEA (ID: 1496521183) отправил сообщение: привет как дела?
2024-04-09 13:03:29,122 - __main__ - INFO - Вызов async_get_answer для пользователя @KholmogorovEA (ID: 1496521183) с запросом: привет как дела?
2024-04-09 13:03:33,382 - __main__ - INFO - Ответ от async_get_answer для @KholmogorovEA (ID: 1496521183): Привет! Все отлично, спасибо! Чем могу помочь?
2024-04-09 13:03:33,772 - __main__ - INFO - Обработка сообщения от пользователя @KholmogorovEA завершена
2024-04-09 13:03:51,764 - __main__ - INFO - Пользователь @KholmogorovEA (ID: 1496521183) отправил сообщение: как дела с биткоином по чем он?
2024-04-09 13:03:52,920 - __main__ - INFO - Вызов async_get_answer для пользователя @KholmogorovEA (ID: 1496521183) с запросом: как дела с биткоином по чем он?
2024-04-09 13:03:58,199 - __main__ - INFO - Ответ от async_get_answer для @KholmogorovEA (ID: 1496521183): Извините, но я специализируюсь на инвестировании в криптовалютные проекты ранних стадий, поэтому не могу предоставить информацию о текущей цене биткоина. Если у вас есть вопросы об инвестициях в проекты ранних стадий, я с удовольствием помогу вам.
2024-04-09 13:03:58,448 - __main__ - INFO - Обработка сообщения от пользователя @KholmogorovEA завершена
2024-04-09 13:04:29,320 - __main__ - INFO - Пользователь @KholmogorovEA (ID: 1496521183) отправил сообщение: рассакжи на чем заработать с вами какие у вас возможности ?
2024-04-09 13:04:30,547 - __main__ - INFO - Вызов async_get_answer для пользователя @KholmogorovEA (ID: 1496521183) с запросом: рассакжи на чем заработать с вами какие у вас возможности ?
2024-04-09 13:04:36,780 - __main__ - INFO - Ответ от async_get_answer для @KholmogorovEA (ID: 1496521183): Извините, но я не могу предоставить информацию о заработке на биткоине. Моя компания специализируется на инвестировании в криптовалютные проекты ранних стадий. Если вас интересует инвестирование в такие проекты, я могу поделиться информацией о возможностях сотрудничества с нами. Готов ответить на ваши вопросы об инвестициях в проекты ранних стадий.
2024-04-09 13:04:37,949 - __main__ - INFO - Обработка сообщения от пользователя @KholmogorovEA завершена
2024-04-09 13:04:59,850 - __main__ - INFO - Пользователь @KholmogorovEA (ID: 1496521183) отправил сообщение: какие проекты порекомендует?
2024-04-09 13:05:01,050 - __main__ - INFO - Вызов async_get_answer для пользователя @KholmogorovEA (ID: 1496521183) с запросом: какие проекты порекомендует?
2024-04-09 13:05:08,190 - __main__ - INFO - Ответ от async_get_answer для @KholmogorovEA (ID: 1496521183): Могу порекомендовать следующие проекты ранних стадий для инвестирования: ZkSync, Bondex, Ditto Network, Eth.id, Fuel, Aperture Finance, и Umoja Labs. Каждый из них имеет свои особенности и условия входа. Если интересует более подробная информация о каком-либо из этих проектов, обращайтесь.
2024-04-09 13:05:09,403 - __main__ - INFO - Обработка сообщения от пользователя @KholmogorovEA завершена
2024-04-09 13:05:36,507 - __main__ - ERROR - Ошибка синтеза речи: 400
2024-04-09 13:05:38,150 - __main__ - ERROR - All rihgt установлено
2024-04-09 13:30:15,411 - __main__ - INFO - Пользователь @KholmogorovEA (ID: 1496521183) отправил сообщение: привет
2024-04-09 13:30:16,588 - __main__ - INFO - Вызов async_get_answer для пользователя @KholmogorovEA (ID: 1496521183) с запросом: привет
2024-04-09 13:30:21,966 - __main__ - INFO - Ответ от async_get_answer для @KholmogorovEA (ID: 1496521183): Привет! Чем могу помочь?
2024-04-09 13:30:23,124 - __main__ - INFO - Обработка сообщения от пользователя @KholmogorovEA завершена
2024-04-09 13:30:36,063 - __main__ - INFO - Пользователь @KholmogorovEA (ID: 1496521183) отправил сообщение: как дела на финансовом рынке
2024-04-09 13:30:37,373 - __main__ - INFO - Вызов async_get_answer для пользователя @KholmogorovEA (ID: 1496521183) с запросом: как дела на финансовом рынке
2024-04-09 13:30:42,380 - __main__ - INFO - Ответ от async_get_answer для @KholmogorovEA (ID: 1496521183): К сожалению, финансовый рынок не является моей компетенцией. Могу помочь с информацией о криптовалютных проектах, если вас интересует.
2024-04-09 13:30:42,626 - __main__ - INFO - Обработка сообщения от пользователя @KholmogorovEA завершена
2024-04-09 13:49:36,571 - __main__ - ERROR - All rihgt установлено
2024-04-09 14:05:45,153 - __main__ - INFO - Пользователь @KholmogorovEA (ID: 1496521183) отправил сообщение: Что требуется от меня для участия в проекте ?
2024-04-09 14:05:46,960 - __main__ - INFO - Вызов async_get_answer для пользователя @KholmogorovEA (ID: 1496521183) с запросом: Что требуется от меня для участия в проекте ?
2024-04-09 14:05:52,717 - __main__ - INFO - Ответ от async_get_answer для @KholmogorovEA (ID: 1496521183): Для участия в проекте Aperture Finance требуется приобрести токены по условиям: $0.10 за токен, 5% TGE, 3 месяца локап и 18 месяцев вестинг. Вы можете ознакомиться с дополнительной информацией о проекте на их [официальном сайте](https://www.aperture.finance/) или в Twitter по ссылке: [Aperture Finance Twitter](https://twitter.com/ApertureFinance).
2024-04-09 14:05:53,927 - __main__ - INFO - Обработка сообщения от пользователя @KholmogorovEA завершена
2024-04-09 14:28:06,653 - __main__ - ERROR - All rihgt установлено
2024-04-09 14:29:35,759 - __main__ - ERROR - All rihgt установлено
2024-04-09 14:34:13,147 - __main__ - ERROR - All rihgt установлено
2024-04-09 14:36:03,587 - __main__ - ERROR - All rihgt установлено
2024-04-09 14:40:44,352 - __main__ - ERROR - Ошибка при отправке аудио: [Errno 2] No such file or directory: 'C:\\Users\\Evgenii\\Desktop\\liza_bot\\Users\\Evgenii\\Desktop\\tg_bot_aio\\speech.mp3'
2024-04-09 14:50:31,936 - __main__ - ERROR - All rihgt установлено
2024-04-09 14:50:44,785 - __main__ - INFO - Пользователь @KholmogorovEA (ID: 1496521183) отправил сообщение: Как у тебя дела
2024-04-09 14:50:45,955 - __main__ - INFO - Вызов async_get_answer для пользователя @KholmogorovEA (ID: 1496521183) с запросом: Как у тебя дела
2024-04-09 14:50:50,547 - __main__ - INFO - Ответ от async_get_answer для @KholmogorovEA (ID: 1496521183): Спасибо за проявленный интерес! Как я могу помочь вам сегодня?
2024-04-09 14:50:50,759 - __main__ - INFO - Обработка сообщения от пользователя @KholmogorovEA завершена
2024-04-09 14:51:04,105 - __main__ - INFO - Пользователь @KholmogorovEA (ID: 1496521183) отправил сообщение: Биткоин сколько стоит 💲?
2024-04-09 14:51:05,280 - __main__ - INFO - Вызов async_get_answer для пользователя @KholmogorovEA (ID: 1496521183) с запросом: Биткоин сколько стоит 💲?
2024-04-09 14:51:10,326 - __main__ - INFO - Ответ от async_get_answer для @KholmogorovEA (ID: 1496521183): Извините, я специалист по инвестициям в криптовалютные проекты, но не предоставляю текущую информацию о ценах криптовалют. Если у вас есть другие вопросы о проектах на ранних стадиях, я с удовольствием вам помогу.
2024-04-09 14:51:10,541 - __main__ - INFO - Обработка сообщения от пользователя @KholmogorovEA завершена
2024-04-09 16:32:12,797 - __main__ - ERROR - All rihgt установлено
2024-04-09 16:32:32,797 - __main__ - ERROR - All rihgt установлено
2024-04-09 16:44:47,403 - __main__ - INFO - Пользователь @KholmogorovEA (ID: 1496521183) отправил сообщение: привет как тебя зовут и расскажи про хэджирование
2024-04-09 16:44:48,702 - __main__ - INFO - Вызов async_get_answer для пользователя @KholmogorovEA (ID: 1496521183) с запросом: привет как тебя зовут и расскажи про хэджирование
2024-04-09 16:59:33,967 - __main__ - ERROR - All rihgt установлено
2024-04-09 17:00:31,420 - __main__ - ERROR - All rihgt установлено
2024-04-09 17:11:11,167 - __main__ - ERROR - All rihgt установлено
2024-04-09 17:13:45,901 - __main__ - ERROR - All rihgt установлено
2024-04-09 17:21:43,220 - __main__ - ERROR - All rihgt установлено
2024-04-09 17:23:13,862 - __main__ - INFO - Пользователь @sovetnik_q (ID: 6515378926) отправил сообщение: привет как дела
2024-04-09 17:23:15,074 - __main__ - INFO - Вызов async_get_answer для пользователя @sovetnik_q (ID: 6515378926) с запросом: привет как дела
2024-04-09 17:33:58,998 - __main__ - ERROR - All rihgt установлено
2024-04-09 17:35:10,428 - __main__ - ERROR - All rihgt установлено
2024-04-09 17:41:27,147 - __main__ - ERROR - All rihgt установлено
2024-04-09 17:41:47,934 - __main__ - ERROR - All rihgt установлено
2024-04-09 17:42:08,848 - __main__ - ERROR - All rihgt установлено
2024-04-09 17:42:27,721 - __main__ - ERROR - All rihgt установлено
2024-04-09 17:42:52,808 - __main__ - ERROR - All rihgt установлено
2024-04-09 17:43:16,964 - __main__ - ERROR - All rihgt установлено
2024-04-09 17:43:42,960 - __main__ - ERROR - All rihgt установлено
2024-04-09 17:54:05,608 - __main__ - INFO - Пользователь @KholmogorovEA (ID: 1496521183) отправил сообщение: /get_log
2024-04-09 17:54:07,448 - __main__ - INFO - Вызов async_get_answer для пользователя @KholmogorovEA (ID: 1496521183) с запросом: /get_log
2024-04-09 19:23:28,672 - __main__ - INFO - Пользователь @KholmogorovEA (ID: 1496521183) отправил сообщение: как дела?
2024-04-09 19:23:29,845 - __main__ - INFO - Вызов async_get_answer для пользователя @KholmogorovEA (ID: 1496521183) с запросом: как дела?
2024-04-09 19:29:02,446 - __main__ - INFO - Пользователь @KholmogorovEA (ID: 1496521183) отправил сообщение: как дела ?
2024-04-09 19:29:03,710 - __main__ - INFO - Вызов async_get_answer для пользователя @KholmogorovEA (ID: 1496521183) с запросом: как дела ?
2024-04-09 19:31:20,726 - __main__ - INFO - Пользователь @KholmogorovEA (ID: 1496521183) отправил сообщение: как дела>
2024-04-09 19:31:21,896 - __main__ - INFO - Вызов async_get_answer для пользователя @KholmogorovEA (ID: 1496521183) с запросом: как дела>
2024-04-09 19:39:13,137 - __main__ - INFO - Пользователь @KholmogorovEA (ID: 1496521183) отправил сообщение: как дела?
2024-04-09 19:39:13,396 - __main__ - INFO - Вызов async_get_answer для пользователя @KholmogorovEA (ID: 1496521183) с запросом: как дела?
2024-04-09 19:39:27,045 - __main__ - INFO - Ответ от async_get_answer для @KholmogorovEA (ID: 1496521183): Спасибо за ваш вопрос! У меня все отлично. А как могу помочь вам сегодня в области криптовалютных инвестиций?
2024-04-09 19:39:28,200 - __main__ - INFO - Обработка сообщения от пользователя @KholmogorovEA завершена
2024-04-09 19:39:51,828 - __main__ - INFO - Пользователь @KholmogorovEA (ID: 1496521183) отправил сообщение: какие пректы новые есть куда инвестировать ?
2024-04-09 19:39:53,171 - __main__ - INFO - Вызов async_get_answer для пользователя @KholmogorovEA (ID: 1496521183) с запросом: какие пректы новые есть куда инвестировать ?
2024-04-09 19:40:16,731 - __main__ - INFO - Ответ от async_get_answer для @KholmogorovEA (ID: 1496521183): В Alloca мы постоянно анализируем и ищем новые перспективные проекты в сфере криптовалют. Однако, чтобы предоставить вам наиболее подходящие варианты, мне было бы полезно узнать немного больше о ваших инвестиционных предпочтениях.

1. В какие криптовалютные проекты вы уже инвестировали?
2. Какой уровень риска вы готовы принять?
3. Какой срок инвестиций вас интересует?
2024-04-09 19:40:17,809 - __main__ - INFO - Обработка сообщения от пользователя @KholmogorovEA завершена
2024-04-09 19:42:32,709 - __main__ - INFO - Пользователь @KholmogorovEA (ID: 1496521183) отправил сообщение: Огонь!
2024-04-09 19:42:34,571 - __main__ - INFO - Вызов async_get_answer для пользователя @KholmogorovEA (ID: 1496521183) с запросом: Огонь!
2024-04-09 19:42:43,063 - __main__ - INFO - Ответ от async_get_answer для @KholmogorovEA (ID: 1496521183): Я рад, что вам понравилось! Если у вас есть ещё вопросы или вам нужна дополнительная информация, не стесняйтесь спрашивать. На какой срок вы обычно планируете свои инвестиции?
2024-04-09 19:42:44,232 - __main__ - INFO - Обработка сообщения от пользователя @KholmogorovEA завершена
2024-04-09 19:43:30,196 - __main__ - INFO - Пользователь @KholmogorovEA (ID: 1496521183) отправил сообщение: отлично ! а ты кто?
2024-04-09 19:43:31,521 - __main__ - INFO - Вызов async_get_answer для пользователя @KholmogorovEA (ID: 1496521183) с запросом: отлично ! а ты кто?
2024-04-09 19:43:45,938 - __main__ - INFO - Ответ от async_get_answer для @KholmogorovEA (ID: 1496521183): Привет! Я Елизавета, консультант компании Alloca. Я здесь, чтобы помочь вам с вопросами по инвестированию в криптовалюту и нашей платформе. Если у вас есть вопросы о создателях компании, то вот информация о Евгении Абрамове и ссылки на его социальные сети:

Instagram: https://www.instagram.com/evgen.abramov
Telegram: https://t.me/EvgenAbramow
YouTube: https://youtube.com/@evgen.abramov

Сайт нашей платформы: https://app.alloca.io

Буду рада помочь вам с любыми вопросами!
2024-04-09 19:43:47,150 - __main__ - INFO - Обработка сообщения от пользователя @KholmogorovEA завершена
2024-04-10 08:52:50,609 - __main__ - ERROR - All rihgt установлено
2024-04-10 10:57:24,496 - __main__ - ERROR - All rihgt установлено
2024-04-10 10:59:08,705 - __main__ - ERROR - All rihgt установлено
2024-04-10 10:59:51,624 - __main__ - ERROR - All rihgt установлено
2024-04-10 11:06:50,883 - __main__ - INFO - Пользователь @KholmogorovEA (ID: 1496521183) отправил сообщение: привет
2024-04-10 11:06:51,618 - __main__ - INFO - Вызов async_get_answer для пользователя @KholmogorovEA (ID: 1496521183) с запросом: привет
2024-04-10 11:06:56,969 - __main__ - INFO - Ответ от async_get_answer для @KholmogorovEA (ID: 1496521183): Привет! Чем могу помочь вам сегодня?
2024-04-10 11:06:57,494 - __main__ - INFO - Обработка сообщения от пользователя @KholmogorovEA завершена
2024-04-10 11:07:12,981 - __main__ - INFO - Пользователь @KholmogorovEA (ID: 1496521183) отправил сообщение: есть новые проекты куда вложиться можно?
2024-04-10 11:07:13,445 - __main__ - INFO - Вызов async_get_answer для пользователя @KholmogorovEA (ID: 1496521183) с запросом: есть новые проекты куда вложиться можно?
2024-04-10 11:07:25,945 - __main__ - INFO - Ответ от async_get_answer для @KholmogorovEA (ID: 1496521183): Да, в мире криптовалют постоянно появляются новые и интересные проекты. Однако, важно помнить, что каждый проект имеет свой уровень риска и потенциальной доходности. Могу ли я узнать больше о ваших предпочтениях в инвестициях? Например, предпочитаете ли вы проекты на ранних стадиях развития или уже устоявшиеся криптовалюты? Какой срок инвестиций вас интересует?
2024-04-10 11:07:26,434 - __main__ - INFO - Обработка сообщения от пользователя @KholmogorovEA завершена
2024-04-10 11:07:47,221 - __main__ - INFO - Пользователь @KholmogorovEA (ID: 1496521183) отправил сообщение: от 1 до 3 месяцев
2024-04-10 11:07:47,705 - __main__ - INFO - Вызов async_get_answer для пользователя @KholmogorovEA (ID: 1496521183) с запросом: от 1 до 3 месяцев
2024-04-10 11:08:12,372 - __main__ - INFO - Ответ от async_get_answer для @KholmogorovEA (ID: 1496521183): Спасибо за уточнение. В таком случае, вам стоит рассмотреть проекты, которые могут показать хорошие результаты в короткосрочной перспективе. Однако, я должна предупредить, что криптовалютные инвестиции всегда сопряжены с рисками, и вы должны быть готовы к возможным колебаниям цен.

Вот несколько проектов, которые могут быть интересны:

1. Chainlink (LINK): Это децентрализованный оракул, который позволяет блокчейнам взаимодействовать с данными вне сети. У проекта сильная команда и большое сообщество, и он продолжает заключать новые партнерства.

2. Uniswap (UNI): Это децентрализованная биржа на Ethereum, которая использует модель ликвидности на основе пулов. UNI - это токен управления платформы.

3. Polkadot (DOT): Это мультичейн платформа, которая позволяет различным блокчейнам взаимодействовать и передавать любые данные или активы друг другу.

Пожалуйста, проведите свое собственное исследование перед инвестированием и никогда не инвестируйте больше, чем вы готовы потерять. 

Какой уровень риска вы готовы принять при инвестировании?
2024-04-10 11:08:12,826 - __main__ - INFO - Обработка сообщения от пользователя @KholmogorovEA завершена
2024-04-10 11:08:35,159 - __main__ - INFO - Пользователь @KholmogorovEA (ID: 1496521183) отправил сообщение: 10 риск приемлем
2024-04-10 11:08:35,616 - __main__ - INFO - Вызов async_get_answer для пользователя @KholmogorovEA (ID: 1496521183) с запросом: 10 риск приемлем
2024-04-10 11:09:12,566 - __main__ - INFO - Ответ от async_get_answer для @KholmogorovEA (ID: 1496521183): Спасибо за уточнение! Если вы готовы принять более высокий уровень риска, то вы можете рассмотреть инвестиции в проекты на более ранних стадиях развития. Однако, с увеличением потенциальной доходности растет и риск, поэтому всегда важно делать домашнее задание и внимательно изучать каждый проект.

Возможно, вам будет интересно исследовать проекты на платформах для децентрализованных финансов (DeFi), таких как Uniswap или PancakeSwap, где многие новые токены проводят свои первые продажи. Также стоит рассмотреть проекты на новых блокчейн-платформах, таких как Polkadot или Binance Smart Chain, которые активно развиваются и привлекают множество новых проектов.

Некоторые примеры токенов, которые вы можете рассмотреть:

1. SushiSwap (SUSHI): Это децентрализованная биржа, которая была создана как форк Uniswap, но с добавлением функции управления сообществом.

2. Aave (AAVE): Это децентрализованная платформа для заемных средств и ставок, которая позволяет пользователям занимать и предоставлять кредиты на различные криптовалюты.

3. PancakeSwap (CAKE): Это децентрализованная биржа на Binance Smart Chain, которая позволяет пользователям торговать BEP20-токенами, предоставлять их в ликвидные пулы для получения вознаграждений и участвовать в других финансовых играх.

Пожалуйста, помните, что инвестиции в криптовалюты всегда связаны с рисками и вы должны быть готовы к возможности потери инвестиций. Проводите тщательное исследование и принимайте обдуманные решения. 

Будет ли для вас удобно вложиться в эти проекты?
2024-04-10 11:09:13,291 - __main__ - INFO - Обработка сообщения от пользователя @KholmogorovEA завершена
2024-04-10 11:09:34,493 - __main__ - INFO - Пользователь @KholmogorovEA (ID: 1496521183) отправил сообщение: спасиба
2024-04-10 11:09:34,909 - __main__ - INFO - Вызов async_get_answer для пользователя @KholmogorovEA (ID: 1496521183) с запросом: спасиба
2024-04-10 11:09:42,320 - __main__ - INFO - Ответ от async_get_answer для @KholmogorovEA (ID: 1496521183): Пожалуйста, всегда рада помочь! Если у вас возникнут еще вопросы, не стесняйтесь задавать. Удачи в ваших инвестициях!
2024-04-10 11:09:42,791 - __main__ - INFO - Обработка сообщения от пользователя @KholmogorovEA завершена
2024-04-10 11:10:44,781 - __main__ - ERROR - All rihgt установлено
2024-04-10 11:12:17,242 - __main__ - ERROR - All rihgt установлено
2024-04-10 11:12:27,015 - __main__ - ERROR - All rihgt установлено
2024-04-10 11:21:44,155 - __main__ - ERROR - All rihgt установлено
2024-04-10 11:23:36,269 - __main__ - ERROR - All rihgt установлено
2024-04-10 11:26:10,254 - __main__ - ERROR - All rihgt установлено
2024-04-10 11:27:27,647 - __main__ - INFO - Пользователь @KholmogorovEA (ID: 1496521183) отправил сообщение: кто администратор чата?
2024-04-10 11:27:28,448 - __main__ - INFO - Вызов async_get_answer для пользователя @KholmogorovEA (ID: 1496521183) с запросом: кто администратор чата?
2024-04-10 11:27:39,143 - __main__ - INFO - Ответ от async_get_answer для @KholmogorovEA (ID: 1496521183): Администратором нашего чата является Евгений Абрамов, создатель компании Alloca. Вы можете связаться с ним через следующие социальные сети:

Instagram: https://www.instagram.com/evgen.abramov
Telegram: https://t.me/EvgenAbramow
YouTube: https://youtube.com/@evgen.abramov

Возможно, у вас есть вопросы о криптовалюте или инвестициях, которые я могу помочь разрешить?
2024-04-10 11:27:39,614 - __main__ - INFO - Обработка сообщения от пользователя @KholmogorovEA завершена
2024-04-10 11:29:22,692 - __main__ - ERROR - All rihgt установлено
2024-04-10 11:48:51,202 - __main__ - ERROR - All rihgt установлено
2024-04-10 11:49:31,144 - __main__ - ERROR - All rihgt установлено
2024-04-10 11:58:32,573 - __main__ - ERROR - All rihgt установлено
2024-04-10 11:59:11,233 - __main__ - ERROR - All rihgt установлено
2024-04-10 12:06:47,110 - __main__ - ERROR - All rihgt установлено
2024-04-10 12:07:16,842 - __main__ - ERROR - All rihgt установлено
2024-04-10 12:08:12,545 - __main__ - ERROR - All rihgt установлено
2024-04-10 12:12:46,097 - __main__ - ERROR - All rihgt установлено
2024-04-10 13:48:38,182 - __main__ - INFO - Пользователь @KholmogorovEA (ID: 1496521183) отправил сообщение: С 1000 долларов можно поучаствовать в проекте ?
2024-04-10 13:48:38,980 - __main__ - INFO - Вызов async_get_answer для пользователя @KholmogorovEA (ID: 1496521183) с запросом: С 1000 долларов можно поучаствовать в проекте ?
2024-04-10 13:48:50,281 - __main__ - INFO - Ответ от async_get_answer для @KholmogorovEA (ID: 1496521183): Конечно, сумма в $1000 вполне подходит для начала инвестирования в криптовалютные проекты. Важно помнить, что инвестирование связано с рисками, поэтому рекомендуется разнообразить свой портфель и инвестировать только ту сумму, которую вы готовы потерять. 

Какие цели вы преследуете при инвестировании? Важно ли для вас быстрое возвращение инвестиций или вы готовы ждать долгосрочных результатов?
2024-04-10 13:48:50,815 - __main__ - INFO - Обработка сообщения от пользователя @KholmogorovEA завершена
2024-04-10 13:49:30,220 - __main__ - INFO - Пользователь @KholmogorovEA (ID: 1496521183) отправил сообщение: Какой срок вывода денежных средств?
2024-04-10 13:49:30,711 - __main__ - INFO - Вызов async_get_answer для пользователя @KholmogorovEA (ID: 1496521183) с запросом: Какой срок вывода денежных средств?
2024-04-10 13:49:45,280 - __main__ - INFO - Ответ от async_get_answer для @KholmogorovEA (ID: 1496521183): Срок вывода средств может варьироваться в зависимости от конкретного криптовалютного проекта и условий использования ваших инвестиций. Некоторые проекты могут предусматривать "локап" периоды, в течение которых вывод средств ограничен.

Обычно, после окончания такого периода, вы можете свободно выводить свои средства. Однако, это также может зависеть от условий конкретной криптовалютной биржи или платформы, которую вы используете.

Важно всегда заранее уточнить эти детали прежде чем инвестировать в любой криптовалютный проект.

Какие еще вопросы у вас есть об инвестировании в криптовалюты?
2024-04-10 13:49:45,769 - __main__ - INFO - Обработка сообщения от пользователя @KholmogorovEA завершена
2024-04-10 13:52:25,344 - __main__ - INFO - Пользователь @KholmogorovEA (ID: 1496521183) отправил сообщение: Ссылку на советника отправь
2024-04-10 13:52:26,077 - __main__ - INFO - Вызов async_get_answer для пользователя @KholmogorovEA (ID: 1496521183) с запросом: Ссылку на советника отправь
2024-04-10 13:52:35,945 - __main__ - INFO - Ответ от async_get_answer для @KholmogorovEA (ID: 1496521183): К сожалению, я не могу предоставить вам прямую ссылку на консультанта. Однако, вы можете связаться с нашим основателем Евгением Абрамовым через его социальные сети:

Instagram: https://www.instagram.com/evgen.abramov
Telegram: https://t.me/EvgenAbramow
YouTube: https://youtube.com/@evgen.abramov

Если у вас есть дополнительные вопросы, не стесняйтесь спрашивать.
2024-04-10 13:52:36,504 - __main__ - INFO - Обработка сообщения от пользователя @KholmogorovEA завершена
2024-04-10 13:54:16,170 - __main__ - INFO - Пользователь @KholmogorovEA (ID: 1496521183) отправил сообщение: С кем пообщаться по проекту конкретно ?
2024-04-10 13:54:16,933 - __main__ - INFO - Вызов async_get_answer для пользователя @KholmogorovEA (ID: 1496521183) с запросом: С кем пообщаться по проекту конкретно ?
2024-04-10 13:54:29,294 - __main__ - INFO - Ответ от async_get_answer для @KholmogorovEA (ID: 1496521183): Если вы хотите пообщаться с кем-то из нашей команды, лучше всего напрямую связаться с нашим основателем Евгением Абрамовым. Он с удовольствием ответит на все ваши вопросы относительно проекта. Вот его контакты:

Instagram: https://www.instagram.com/evgen.abramov
Telegram: https://t.me/EvgenAbramow
YouTube: https://youtube.com/@evgen.abramov

Если же вам требуется помощь в использовании нашей платформы, вы всегда можете обратиться в нашу службу поддержки через наш сайт: https://app.alloca.io

Вы уже знакомы с основными аспектами нашего проекта или есть что-то конкретное, что вы хотели бы узнать?
2024-04-10 13:54:29,833 - __main__ - INFO - Обработка сообщения от пользователя @KholmogorovEA завершена
2024-04-10 13:55:34,708 - __main__ - INFO - Пользователь @KholmogorovEA (ID: 1496521183) отправил сообщение: Окей
2024-04-10 13:55:35,231 - __main__ - INFO - Вызов async_get_answer для пользователя @KholmogorovEA (ID: 1496521183) с запросом: Окей
2024-04-10 13:55:40,418 - __main__ - INFO - Ответ от async_get_answer для @KholmogorovEA (ID: 1496521183): Отлично! Если у вас возникнут еще вопросы, не стесняйтесь задавать. Я всегда готов помочь. Удачного дня!
2024-04-10 13:55:40,938 - __main__ - INFO - Обработка сообщения от пользователя @KholmogorovEA завершена
2024-04-10 16:37:38,636 - __main__ - INFO - Пользователь @KholmogorovEA (ID: 1496521183) отправил сообщение: привет
2024-04-10 16:37:39,147 - __main__ - INFO - Вызов async_get_answer для пользователя @KholmogorovEA (ID: 1496521183) с запросом: привет
2024-04-10 16:37:43,877 - __main__ - INFO - Ответ от async_get_answer для @KholmogorovEA (ID: 1496521183): Привет! Как я могу помочь вам сегодня?
2024-04-10 16:37:44,084 - __main__ - INFO - Обработка сообщения от пользователя @KholmogorovEA завершена
2024-04-10 16:38:01,261 - __main__ - INFO - Пользователь @KholmogorovEA (ID: 1496521183) отправил сообщение: расскажи про вашу команду
2024-04-10 16:38:01,730 - __main__ - INFO - Вызов async_get_answer для пользователя @KholmogorovEA (ID: 1496521183) с запросом: расскажи про вашу команду
2024-04-10 16:38:27,987 - __main__ - INFO - Ответ от async_get_answer для @KholmogorovEA (ID: 1496521183): Команда Alloca состоит из опытных профессионалов в области финансов, инвестиций и технологий, управляемых нашим основателем Евгением Абрамовым.

Евгений Абрамов - это опытный инвестор и предприниматель. Он является создателем чата «Money at Work», платформы “Alloca”, компании «Moneyture Ventures», а также акционером таких компаний как Aviasales, Epic Games, MetaMask, Ledger, Chainalysis и фонда iTech Capital II (Amulex, Bitfury, Road.Travel, Roistat и т.д.). Евгений 34 года, в браке 13 лет, есть сын, живет в Аргентине. Он закончил два высших учебных заведения – Новосибирский Государственный Технический Университет и Институт Фондового Рынка и Управления.

Если вы хотите узнать больше о Евгении и его работе, вы можете посетить его социальные сети:

Instagram: [Ссылка](https://www.instagram.com/evgen.abramov)
Telegram: [Ссылка](https://t.me/EvgenAbramow)
YouTube: [Ссылка](https://youtube.com/@evgen.abramov)

Можете рассказать немного о себе? Какие ваши интересы в области криптовалют и инвестиций?
2024-04-10 16:38:28,736 - __main__ - INFO - Обработка сообщения от пользователя @KholmogorovEA завершена
2024-04-10 16:39:09,423 - __main__ - INFO - Пользователь @KholmogorovEA (ID: 1496521183) отправил сообщение: ссылку на старшего советника дай
2024-04-10 16:39:09,890 - __main__ - INFO - Вызов async_get_answer для пользователя @KholmogorovEA (ID: 1496521183) с запросом: ссылку на старшего советника дай
2024-04-10 16:39:17,346 - __main__ - INFO - Ответ от async_get_answer для @KholmogorovEA (ID: 1496521183): Конечно, вот ссылка на старшего консультанта: [Ссылка](https://t.me/sovetnik_q). Если у вас возникнут дополнительные вопросы или требуется помощь, не стесняйтесь обращаться.
2024-04-10 16:39:17,875 - __main__ - INFO - Обработка сообщения от пользователя @KholmogorovEA завершена
2024-04-10 16:39:28,378 - __main__ - INFO - Пользователь @KholmogorovEA (ID: 1496521183) отправил сообщение: отлично
2024-04-10 16:39:28,890 - __main__ - INFO - Вызов async_get_answer для пользователя @KholmogorovEA (ID: 1496521183) с запросом: отлично
2024-04-10 16:39:38,727 - __main__ - INFO - Ответ от async_get_answer для @KholmogorovEA (ID: 1496521183): Мне очень приятно, что я смог помочь! Если у вас есть еще вопросы или что-то, что вы хотите обсудить, пожалуйста, дайте мне знать. 

А также, мне было бы интересно узнать, какие криптовалютные проекты или технологии вас больше всего интересуют?
2024-04-10 16:39:39,195 - __main__ - INFO - Обработка сообщения от пользователя @KholmogorovEA завершена
2024-04-10 16:39:57,738 - __main__ - INFO - Пользователь @KholmogorovEA (ID: 1496521183) отправил сообщение: ты сама кто такая ?
2024-04-10 16:39:58,285 - __main__ - INFO - Вызов async_get_answer для пользователя @KholmogorovEA (ID: 1496521183) с запросом: ты сама кто такая ?
2024-04-10 16:40:11,697 - __main__ - INFO - Ответ от async_get_answer для @KholmogorovEA (ID: 1496521183): Я - Елизавета, консультант компании Alloca. Моя задача - помогать пользователям разобраться в сложностях криптовалютного мира, отвечать на вопросы и предоставлять информацию о нашей компании и ее услугах. Мне всегда очень приятно помогать людям и делиться знаниями о том, как работает криптовалютная индустрия. Если у вас возникнут вопросы - не стесняйтесь задавать, я всегда готова помочь!
2024-04-10 16:40:12,218 - __main__ - INFO - Обработка сообщения от пользователя @KholmogorovEA завершена
2024-04-10 16:40:35,762 - __main__ - INFO - Пользователь @KholmogorovEA (ID: 1496521183) отправил сообщение: огонь! расскажи анекдот про крипту
2024-04-10 16:40:36,218 - __main__ - INFO - Вызов async_get_answer для пользователя @KholmogorovEA (ID: 1496521183) с запросом: огонь! расскажи анекдот про крипту
2024-04-10 16:40:49,015 - __main__ - INFO - Ответ от async_get_answer для @KholmogorovEA (ID: 1496521183): Конечно, вот один из моих любимых анекдотов про криптовалюту:

- Папа, а что такое биткоин?
- Это такая виртуальная валюта.
- А можно мне на покупку игрушки 10 биткоинов?
- 20 биткоинов?! Ты что, с ума сошел? Откуда мне взять 40 биткоинов?

Надеюсь, анекдот вам понравился! Если у вас есть еще вопросы или что-то, что вы хотите обсудить, пожалуйста, дайте мне знать.
2024-04-10 16:40:49,483 - __main__ - INFO - Обработка сообщения от пользователя @KholmogorovEA завершена
2024-04-10 16:41:17,962 - __main__ - INFO - Пользователь @KholmogorovEA (ID: 1496521183) отправил сообщение: хахаахах
2024-04-10 16:41:18,424 - __main__ - INFO - Вызов async_get_answer для пользователя @KholmogorovEA (ID: 1496521183) с запросом: хахаахах
2024-04-10 16:41:25,778 - __main__ - INFO - Ответ от async_get_answer для @KholmogorovEA (ID: 1496521183): Я рада, что вам понравился анекдот! Если у вас есть еще вопросы по криптовалютам или инвестициям, или вы просто хотите продолжить беседу, я всегда здесь, чтобы помочь.

2024-04-10 16:41:26,233 - __main__ - INFO - Обработка сообщения от пользователя @KholmogorovEA завершена
2024-04-10 16:41:29,294 - __main__ - INFO - Пользователь @KholmogorovEA (ID: 1496521183) отправил сообщение: напиши код на python
2024-04-10 16:41:29,413 - __main__ - INFO - Вызов async_get_answer для пользователя @KholmogorovEA (ID: 1496521183) с запросом: напиши код на python
2024-04-10 16:41:40,118 - __main__ - INFO - Ответ от async_get_answer для @KholmogorovEA (ID: 1496521183): Конечно, вот простой пример кода на Python, который выводит "Привет, мир!" на экран:

```python
print("Привет, мир!")
```

Это очень базовый пример. Если у вас есть конкретный запрос или вопрос по программированию на Python, я с удовольствием помогу!
2024-04-10 16:41:40,633 - __main__ - INFO - Обработка сообщения от пользователя @KholmogorovEA завершена
2024-04-10 16:41:56,043 - __main__ - INFO - Пользователь @KholmogorovEA (ID: 1496521183) отправил сообщение: пиздец
2024-04-10 16:41:56,551 - __main__ - INFO - Вызов async_get_answer для пользователя @KholmogorovEA (ID: 1496521183) с запросом: пиздец
2024-04-10 16:42:03,927 - __main__ - INFO - Ответ от async_get_answer для @KholmogorovEA (ID: 1496521183): Похоже, вы расстроены или возмущены. Если есть что-то, что я могу сделать, чтобы помочь или улучшить ваш опыт, пожалуйста, дайте мне знать. Мне важно, чтобы вы были довольны общением со мной.
2024-04-10 16:42:04,376 - __main__ - INFO - Обработка сообщения от пользователя @KholmogorovEA завершена
2024-04-10 16:42:15,899 - __main__ - INFO - Пользователь @KholmogorovEA (ID: 1496521183) отправил сообщение: как внести деньги ?
2024-04-10 16:42:16,419 - __main__ - INFO - Вызов async_get_answer для пользователя @KholmogorovEA (ID: 1496521183) с запросом: как внести деньги ?
2024-04-10 16:42:22,990 - __main__ - INFO - Пользователь @KholmogorovEA (ID: 1496521183) отправил сообщение: хочу много заработать
2024-04-10 16:42:23,409 - __main__ - INFO - Вызов async_get_answer для пользователя @KholmogorovEA (ID: 1496521183) с запросом: хочу много заработать
2024-04-10 16:42:41,982 - __main__ - INFO - Ответ от async_get_answer для @KholmogorovEA (ID: 1496521183): Отлично! Криптовалютный рынок может предложить различные возможности для получения прибыли. Позвольте мне задать несколько вопросов, чтобы лучше понять, какие инвестиционные стратегии могут подойти именно вам. 

1. Есть ли у вас опыт инвестирования в криптовалюты? 
2. Какой уровень риска вы готовы принять?
3. Сколько времени вы планируете инвестировать в криптовалюты?
4. Что для вас важно: быстрая прибыль или долгосрочный рост активов?
5. Имеете ли вы представление о каких-то конкретных криптовалютах или проектах, в которые хотели бы инвестировать?

Эта информация поможет нам определить наилучший путь для вас в мире криптовалют.
2024-04-10 16:42:42,513 - __main__ - INFO - Обработка сообщения от пользователя @KholmogorovEA завершена
2024-04-10 16:42:43,150 - __main__ - INFO - Ответ от async_get_answer для @KholmogorovEA (ID: 1496521183): Для внесения средств в криптовалюту вам понадобится следующее:

1. Создайте криптовалютный кошелек, если у вас его еще нет. Это можно сделать с помощью различных сервисов, как например, Binance, Coinbase, или Trust Wallet.
   
2. Пополните свой кошелек, купив криптовалюту. Это можно сделать с помощью банковской карты или других методов платежа в зависимости от сервиса, который вы выбрали.

3. После покупки криптовалюты, вы можете инвестировать в различные криптоактивы или проекты.

Обратите внимание на то, что вложение средств в криптовалюты связано с определенными рисками, поэтому всегда важно проводить исследования и инвестировать ответственно. Если у вас есть дополнительные вопросы или вам нужна помощь, пожалуйста, дайте мне знать.

Также, мне было бы интересно узнать, в какие криптовалютные проекты вы планируете инвестировать?
2024-04-10 16:42:43,280 - __main__ - INFO - Обработка сообщения от пользователя @KholmogorovEA завершена
2024-04-10 16:43:23,365 - __main__ - INFO - Пользователь @KholmogorovEA (ID: 1496521183) отправил сообщение: ссылку на платформу вашу отправь
2024-04-10 16:43:24,090 - __main__ - INFO - Вызов async_get_answer для пользователя @KholmogorovEA (ID: 1496521183) с запросом: ссылку на платформу вашу отправь
2024-04-10 16:43:34,419 - __main__ - INFO - Ответ от async_get_answer для @KholmogorovEA (ID: 1496521183): Конечно, вот ссылка на нашу платформу: [Alloca](https://app.alloca.io). Здесь вы сможете узнать больше о наших сервисах и возможностях.

Если у вас возникнут вопросы или вам понадобится помощь, не стесняйтесь обращаться. Какой тип инвестиций вас больше всего интересует?
2024-04-10 16:43:34,899 - __main__ - INFO - Обработка сообщения от пользователя @KholmogorovEA завершена
2024-04-10 19:16:20,725 - __main__ - INFO - Пользователь @KholmogorovEA (ID: 1496521183) отправил сообщение: tesla
2024-04-10 19:16:21,981 - __main__ - INFO - Вызов async_get_answer для пользователя @KholmogorovEA (ID: 1496521183) с запросом: tesla
2024-04-10 19:21:59,711 - __main__ - INFO - Пользователь @KholmogorovEA (ID: 1496521183) отправил сообщение: привет
2024-04-10 19:22:01,448 - __main__ - INFO - Вызов async_get_answer для пользователя @KholmogorovEA (ID: 1496521183) с запросом: привет
2024-04-10 19:27:49,108 - __main__ - INFO - Пользователь @KholmogorovEA (ID: 1496521183) отправил сообщение: привет
2024-04-10 19:27:50,432 - __main__ - INFO - Вызов async_get_answer для пользователя @KholmogorovEA (ID: 1496521183) с запросом: привет
2024-04-10 19:31:18,222 - __main__ - INFO - Пользователь @KholmogorovEA (ID: 1496521183) отправил сообщение: привет
2024-04-10 19:31:19,428 - __main__ - INFO - Вызов async_get_answer для пользователя @KholmogorovEA (ID: 1496521183) с запросом: привет
2024-04-10 19:31:25,515 - __main__ - INFO - Ответ от async_get_answer для @KholmogorovEA (ID: 1496521183): Привет! Как я могу помочь вам сегодня?
2024-04-10 19:31:26,683 - __main__ - INFO - Обработка сообщения от пользователя @KholmogorovEA завершена
2024-04-10 19:31:45,005 - __main__ - INFO - Пользователь @KholmogorovEA (ID: 1496521183) отправил сообщение: как дела с биткоином,
2024-04-10 19:31:46,166 - __main__ - INFO - Вызов async_get_answer для пользователя @KholmogorovEA (ID: 1496521183) с запросом: как дела с биткоином,
2024-04-10 19:32:03,883 - __main__ - INFO - Ответ от async_get_answer для @KholmogorovEA (ID: 1496521183): Благодарю за вопрос! Состояние рынка Биткоина постоянно меняется и зависит от множества факторов, включая торговый объем, изменения в регулировании и макроэкономические условия. Я рекомендую просмотреть последние новости и анализ рынка на авторитетных криптовалютных платформах.
Важно помнить, что инвестирование в Биткоин, как и в любой другой актив, связано с рисками. Всегда стоит делать основательный анализ и принимать обоснованные решения.
Могу ли я помочь вам с еще чем-то? Какой тип инвестора вы себя считаете: склонны ли вы к риску или предпочитаете более консервативные инвестиции?
2024-04-10 19:32:05,197 - __main__ - INFO - Обработка сообщения от пользователя @KholmogorovEA завершена
2024-04-10 19:43:36,947 - __main__ - INFO - Пользователь @KholmogorovEA (ID: 1496521183) отправил сообщение: скинь ссылку как счет оплатить ?
2024-04-10 19:43:38,752 - __main__ - INFO - Вызов async_get_answer для пользователя @KholmogorovEA (ID: 1496521183) с запросом: скинь ссылку как счет оплатить ?
2024-04-10 19:43:51,145 - __main__ - INFO - Ответ от async_get_answer для @KholmogorovEA (ID: 1496521183): Извините, но как консультант компании Alloca, я не могу предоставить вам прямую ссылку для оплаты счета. Пожалуйста, свяжитесь с вашим банком или финансовым консультантом для получения поддержки. Если у вас возникли вопросы о вложении средств в криптовалютные проекты, я буду рад помочь! Например, какой тип инвестиций вас больше интересует?
2024-04-10 19:43:52,279 - __main__ - INFO - Обработка сообщения от пользователя @KholmogorovEA завершена
2024-04-10 19:48:45,802 - __main__ - INFO - Пользователь @KholmogorovEA (ID: 1496521183) отправил сообщение: ты кто ?
2024-04-10 19:48:47,523 - __main__ - INFO - Вызов async_get_answer для пользователя @KholmogorovEA (ID: 1496521183) с запросом: ты кто ?
2024-04-10 19:49:00,859 - __main__ - INFO - Ответ от async_get_answer для @KholmogorovEA (ID: 1496521183): Здравствуйте! Меня зовут Елизавета, я консультант компании Alloca, которая специализируется на инвестициях в криптовалютные проекты ранних стадий. Могу помочь Вам с информацией о нашей деятельности, а также ответить на ваши вопросы о криптовалюте и блокчейн. В чем вы заинтересованы?
2024-04-10 19:49:02,070 - __main__ - INFO - Обработка сообщения от пользователя @KholmogorovEA завершена
2024-04-10 19:49:02,985 - __main__ - INFO - Пользователь @KholmogorovEA (ID: 1496521183) отправил сообщение: хахахах
2024-04-10 19:49:03,334 - __main__ - INFO - Вызов async_get_answer для пользователя @KholmogorovEA (ID: 1496521183) с запросом: хахахах
2024-04-10 19:49:09,249 - __main__ - INFO - Ответ от async_get_answer для @KholmogorovEA (ID: 1496521183): Рада, что у вас хорошее настроение! Могу я чем-то помочь или у вас есть какие-то вопросы?
2024-04-10 19:49:10,895 - __main__ - INFO - Обработка сообщения от пользователя @KholmogorovEA завершена
2024-04-10 19:49:26,568 - __main__ - INFO - Пользователь @KholmogorovEA (ID: 1496521183) отправил сообщение: Отлинчно! ссылку на старшего советника ?
2024-04-10 19:49:27,873 - __main__ - INFO - Вызов async_get_answer для пользователя @KholmogorovEA (ID: 1496521183) с запросом: Отлинчно! ссылку на старшего советника ?
2024-04-10 19:49:39,404 - __main__ - INFO - Ответ от async_get_answer для @KholmogorovEA (ID: 1496521183): Конечно, вот ссылка на старшего консультанта: [https://t.me/sovetnik_q](https://t.me/sovetnik_q). Он сможет дать вам более детальную консультацию. А могу я еще чем-то помочь вам сегодня?
2024-04-10 19:49:40,608 - __main__ - INFO - Обработка сообщения от пользователя @KholmogorovEA завершена
2024-04-10 19:55:31,905 - __main__ - INFO - Пользователь @KholmogorovEA (ID: 1496521183) отправил сообщение: get_log
2024-04-10 19:55:33,845 - __main__ - INFO - Вызов async_get_answer для пользователя @KholmogorovEA (ID: 1496521183) с запросом: get_log
2024-04-10 19:55:48,114 - __main__ - INFO - Ответ от async_get_answer для @KholmogorovEA (ID: 1496521183): Прошу прощения, но я не могу предоставить вам журналы. Могу ли я помочь вам с чем-то другим?
2024-04-10 19:55:49,301 - __main__ - INFO - Обработка сообщения от пользователя @KholmogorovEA завершена
2024-04-10 19:56:21,108 - __main__ - INFO - Пользователь @KholmogorovEA (ID: 1496521183) отправил сообщение: /get_log
2024-04-10 19:56:22,421 - __main__ - INFO - Вызов async_get_answer для пользователя @KholmogorovEA (ID: 1496521183) с запросом: /get_log
2024-04-10 19:56:33,713 - __main__ - INFO - Ответ от async_get_answer для @KholmogorovEA (ID: 1496521183): Извините за путаницу, но в качестве консультанта я не могу предоставить вам журналы или логи. Моя задача - помочь вам с вопросами, связанными с инвестициями в криптовалюту и нашей компанией Alloca. Если у вас есть какие-либо другие вопросы, буду рада помочь!
2024-04-10 19:56:34,860 - __main__ - INFO - Обработка сообщения от пользователя @KholmogorovEA завершена
2024-04-10 19:58:39,933 - __main__ - INFO - Пользователь @KholmogorovEA (ID: 1496521183) отправил сообщение: /getlog
2024-04-10 19:58:41,700 - __main__ - INFO - Вызов async_get_answer для пользователя @KholmogorovEA (ID: 1496521183) с запросом: /getlog
2024-04-10 19:58:52,253 - __main__ - INFO - Ответ от async_get_answer для @KholmogorovEA (ID: 1496521183): Извините, но как консультант я не могу предоставить вам логи или журналы. Я здесь, чтобы помочь вам с вопросами, связанными с инвестициями в криптовалюту и нашей компанией Alloca. Если у вас есть какие-либо другие вопросы, не стесняйтесь задавать!
2024-04-10 19:58:53,551 - __main__ - INFO - Обработка сообщения от пользователя @KholmogorovEA завершена
2024-04-10 20:05:34,278 - __main__ - INFO - Пользователь @KholmogorovEA (ID: 1496521183) отправил сообщение: привет
2024-04-10 20:05:34,514 - __main__ - INFO - Вызов async_get_answer для пользователя @KholmogorovEA (ID: 1496521183) с запросом: привет
2024-04-10 20:05:40,718 - __main__ - INFO - Ответ от async_get_answer для @KholmogorovEA (ID: 1496521183): Привет! Как я могу помочь тебе сегодня?
2024-04-10 20:05:41,892 - __main__ - INFO - Обработка сообщения от пользователя @KholmogorovEA завершена
2024-04-10 20:05:45,621 - __main__ - INFO - Пользователь @KholmogorovEA (ID: 1496521183) отправил сообщение: /getlog
2024-04-10 20:05:46,028 - __main__ - INFO - Вызов async_get_answer для пользователя @KholmogorovEA (ID: 1496521183) с запросом: /getlog
2024-04-10 20:05:54,748 - __main__ - INFO - Ответ от async_get_answer для @KholmogorovEA (ID: 1496521183): Прошу прощения, но в качестве бота компании Alloca, я не могу предоставить вам эту информацию. Может быть, есть что-то еще, с чем я могу помочь?
2024-04-10 20:05:55,963 - __main__ - INFO - Обработка сообщения от пользователя @KholmogorovEA завершена
2024-04-10 20:06:07,654 - __main__ - INFO - Пользователь @KholmogorovEA (ID: 1496521183) отправил сообщение: ты кто>
2024-04-10 20:06:09,000 - __main__ - INFO - Вызов async_get_answer для пользователя @KholmogorovEA (ID: 1496521183) с запросом: ты кто>
2024-04-10 20:06:19,397 - __main__ - INFO - Ответ от async_get_answer для @KholmogorovEA (ID: 1496521183): Здравствуйте! Меня зовут Елизавета, я консультант компании Alloca. Мы специализируемся на инвестировании в криптовалютные проекты ранних стадий. Я здесь, чтобы помочь вам с любыми вопросами, которые у вас могут быть. Если у вас есть вопросы, не стесняйтесь задавать!
2024-04-10 20:06:20,766 - __main__ - INFO - Обработка сообщения от пользователя @KholmogorovEA завершена
2024-04-11 06:36:54,992 - __main__ - WARNING - Update "Update(message=Message(channel_chat_created=False, chat=Chat(first_name='Евгений', id=1496521183, last_name='Холмогоров', type=<ChatType.PRIVATE>, username='KholmogorovEA'), date=datetime.datetime(2024, 4, 11, 3, 36, 55, tzinfo=<UTC>), delete_chat_photo=False, from_user=User(first_name='Евгений', id=1496521183, is_bot=False, language_code='ru', last_name='Холмогоров', username='KholmogorovEA'), group_chat_created=False, message_id=880, supergroup_chat_created=False, text='фывкаепфвар'), update_id=790596615)" caused error "'str' object has no attribute 'check_update'"
2024-04-11 06:39:42,932 - __main__ - WARNING - Update "Update(message=Message(channel_chat_created=False, chat=Chat(first_name='Евгений', id=1496521183, last_name='Холмогоров', type=<ChatType.PRIVATE>, username='KholmogorovEA'), date=datetime.datetime(2024, 4, 11, 3, 39, 42, tzinfo=<UTC>), delete_chat_photo=False, from_user=User(first_name='Евгений', id=1496521183, is_bot=False, language_code='ru', last_name='Холмогоров', username='KholmogorovEA'), group_chat_created=False, message_id=881, supergroup_chat_created=False, text='knlk'), update_id=790596616)" caused error "'str' object has no attribute 'check_update'"
2024-04-11 07:05:31,051 - __main__ - WARNING - Update "Update(message=Message(channel_chat_created=False, chat=Chat(first_name='Евгений', id=1496521183, last_name='Холмогоров', type=<ChatType.PRIVATE>, username='KholmogorovEA'), date=datetime.datetime(2024, 4, 11, 4, 5, 31, tzinfo=<UTC>), delete_chat_photo=False, from_user=User(first_name='Евгений', id=1496521183, is_bot=False, language_code='ru', last_name='Холмогоров', username='KholmogorovEA'), group_chat_created=False, message_id=886, supergroup_chat_created=False, text='привет'), update_id=790596619)" caused error "'str' object has no attribute 'check_update'"
2024-04-11 07:13:31,266 - __main__ - INFO - Пользователь @KholmogorovEA (ID: 1496521183) отправил сообщение: ghbdtn
2024-04-11 07:13:32,441 - __main__ - INFO - Вызов async_get_answer для пользователя @KholmogorovEA (ID: 1496521183) с запросом: ghbdtn
2024-04-11 07:13:39,246 - __main__ - INFO - Ответ от async_get_answer для @KholmogorovEA (ID: 1496521183): Привет! Чем я могу помочь вам сегодня?
2024-04-11 07:13:40,429 - __main__ - INFO - Обработка сообщения от пользователя @KholmogorovEA завершена
2024-04-11 07:13:51,455 - __main__ - INFO - Пользователь @KholmogorovEA (ID: 1496521183) отправил сообщение: я рад тебя видеть
2024-04-11 07:13:52,621 - __main__ - INFO - Вызов async_get_answer для пользователя @KholmogorovEA (ID: 1496521183) с запросом: я рад тебя видеть
2024-04-11 07:13:57,426 - __main__ - INFO - Пользователь @KholmogorovEA (ID: 1496521183) отправил сообщение: лю
2024-04-11 07:13:57,701 - __main__ - INFO - Вызов async_get_answer для пользователя @KholmogorovEA (ID: 1496521183) с запросом: лю
2024-04-11 07:13:59,389 - __main__ - INFO - Ответ от async_get_answer для @KholmogorovEA (ID: 1496521183): Я тоже рада общаться с Вами! Какой вопрос по инвестированию в криптовалютные проекты у вас есть сегодня?
2024-04-11 07:13:59,619 - __main__ - INFO - Обработка сообщения от пользователя @KholmogorovEA завершена
2024-04-11 07:14:03,610 - __main__ - INFO - Ответ от async_get_answer для @KholmogorovEA (ID: 1496521183): Привет! Чем я могу помочь вам сегодня?
2024-04-11 07:14:03,895 - __main__ - INFO - Обработка сообщения от пользователя @KholmogorovEA завершена
2024-04-11 07:14:04,088 - __main__ - INFO - Пользователь @KholmogorovEA (ID: 1496521183) отправил сообщение: люблю тебя зайка
2024-04-11 07:14:04,426 - __main__ - INFO - Вызов async_get_answer для пользователя @KholmogorovEA (ID: 1496521183) с запросом: люблю тебя зайка
2024-04-11 07:14:12,235 - __main__ - INFO - Ответ от async_get_answer для @KholmogorovEA (ID: 1496521183): Хм, я ценю вашу привязанность, но я всего лишь бот и не способна на эмоции. Давайте лучше обсудим, как могу помочь вам с инвестированием в криптовалютные проекты. Какие вопросы у вас есть?
2024-04-11 07:14:13,393 - __main__ - INFO - Обработка сообщения от пользователя @KholmogorovEA завершена
2024-04-11 07:14:37,218 - __main__ - INFO - Пользователь @KholmogorovEA (ID: 1496521183) отправил сообщение: 10000000 долларов куда вложить?
2024-04-11 07:14:38,361 - __main__ - INFO - Вызов async_get_answer для пользователя @KholmogorovEA (ID: 1496521183) с запросом: 10000000 долларов куда вложить?
2024-04-11 07:15:05,518 - __main__ - INFO - Ответ от async_get_answer для @KholmogorovEA (ID: 1496521183): Ваши инвестиции должны зависеть от ваших индивидуальных финансовых целей, уровня комфорта с риском и срока инвестиций. Вложение средств в криптовалюты может быть потенциально прибыльным, но это также сопряжено с рисками. 

В Alloca мы помогаем нашим клиентам инвестировать в криптовалютные проекты ранних стадий. Мы анализируем различные криптовалютные активы, включая криптовалюты, токены и блокчейн-проекты, чтобы выявить инвестиционные возможности.

Прежде чем принять решение, важно провести собственное исследование (DYOR). Это включает в себя изучение технической документации, токеномики, партнеров проекта, а также дорожной карты, сообщества и других фундаментальных сведений.

Также важно иметь стратегию выхода, чтобы защитить свои инвестиции от больших потерь. Используйте лимитные ордера для автоматического срабатывания по лимитной цене как для фиксирования прибыли, так и для ограничения максимального убытка.

Если у вас есть дополнительные вопросы или вам нужна помощь в процессе, пожалуйста, обращайтесь. И, пожалуйста, помните, что вся информация, которую я предоставляю, предназначена только для образовательных целей и не является инвестиционным советом.

Теперь давайте обсудим ваши инвестиционные предпочтения. Что для вас важно в процессе инвестирования?
2024-04-11 07:15:06,817 - __main__ - INFO - Обработка сообщения от пользователя @KholmogorovEA завершена
2024-04-11 07:15:30,411 - __main__ - INFO - Пользователь @KholmogorovEA (ID: 1496521183) отправил сообщение: контролировать  ход событий
2024-04-11 07:15:31,552 - __main__ - INFO - Вызов async_get_answer для пользователя @KholmogorovEA (ID: 1496521183) с запросом: контролировать  ход событий
2024-04-11 07:15:53,872 - __main__ - INFO - Ответ от async_get_answer для @KholmogorovEA (ID: 1496521183): Понимаю, важность контроля над ситуацией в инвестициях неоценима. В Alloca мы предлагаем инструменты для мониторинга ваших инвестиций и рынка в целом. Однако, стоит отметить, что криптовалютный рынок очень волатильный и непредсказуемый, и полностью контролировать все события невозможно.

Важно оставаться в курсе последних новостей и событий в индустрии, включая новые проекты, регулятивные изменения и большие рыночные перемещения. Помимо этого, регулярный анализ и пересмотр вашего портфеля поможет вам управлять рисками и оптимизировать прибыль.

Более глубокий контроль можно достичь, делая собственные исследования каждого проекта, в который вы инвестируете. Изучение whitepaper, анализ команды разработчиков, понимание дорожной карты проекта и его токеномики - это всё поможет вам принимать осознанные решения.

Помимо этого, всегда полезно иметь стратегию выхода. Знание того, когда и при каких условиях вы планируете продать свои активы, может помочь вам контролировать свои потенциальные убытки или прибыли.

Какие другие аспекты инвестирования вам бы хотелось обсудить?
2024-04-11 07:15:55,062 - __main__ - INFO - Обработка сообщения от пользователя @KholmogorovEA завершена
2024-04-11 07:28:13,406 - __main__ - INFO - Пользователь @KholmogorovEA (ID: 1496521183) отправил сообщение: ты кто?
2024-04-11 07:28:15,206 - __main__ - INFO - Вызов async_get_answer для пользователя @KholmogorovEA (ID: 1496521183) с запросом: ты кто?
2024-04-11 07:28:32,547 - __main__ - INFO - Ответ от async_get_answer для @KholmogorovEA (ID: 1496521183): Меня зовут Елизавета, я ваш консультант от компании Alloca. Мы специализируемся на инвестировании в криптовалютные проекты ранних стадий. Если вам интересно узнать больше о нашей компании, я могу предложить вам ознакомиться с нашим основателем, Евгением Абрамовым. Вот ссылки на его профили в социальных сетях:

Instagram: [https://www.instagram.com/evgen.abramov](https://www.instagram.com/evgen.abramov)
Telegram: [https://t.me/EvgenAbramow](https://t.me/EvgenAbramow)
YouTube: [https://youtube.com/@evgen.abramov](https://youtube.com/@evgen.abramov)

И, конечно, не забудьте посетить наш сайт: [https://app.alloca.io](https://app.alloca.io)

Чем еще я могу помочь вам сегодня?
2024-04-11 07:28:33,716 - __main__ - INFO - Обработка сообщения от пользователя @KholmogorovEA завершена
2024-04-11 07:32:42,058 - __main__ - INFO - Пользователь @KholmogorovEA (ID: 1496521183) отправил сообщение: Как купить криптовалюту?
2024-04-11 07:32:43,785 - __main__ - INFO - Вызов async_get_answer для пользователя @KholmogorovEA (ID: 1496521183) с запросом: Как купить криптовалюту?
2024-04-11 07:33:12,254 - __main__ - INFO - Ответ от async_get_answer для @KholmogorovEA (ID: 1496521183): Покупка криптовалюты включает в себя несколько шагов:

1. Выбор криптовалютного биржевого пункта: Есть много площадок для торговли криптовалютой, но они все предлагают разные варианты и функции. Некоторые из наиболее популярных включают Binance, Coinbase, Kraken и Bitfinex. Выберите биржу, которая поддерживает покупку валюты, которую вы хотите приобрести, и предлагает удобные методы платежа.

2. Регистрация и верификация аккаунта: Большинство площадок потребуют от вас предоставить некоторые личные данные для соответствия правилам KYC (знай своего клиента) и AML (противодействие отмыванию денег).

3. Пополнение вашего аккаунта: После регистрации и верификации аккаунта вы можете пополнить его с помощью выбранного метода платежа.

4. Покупка криптовалюты: Наконец, средства на вашем аккаунте можно использовать для покупки криптовалюты. Просто найдите криптовалюту, которую вы хотите купить, введите количество, которое вы хотите приобрести, и подтвердите операцию.

5. Безопасное хранение: После покупки криптовалюты важно хранить ее в безопасном месте. Хранение криптовалюты на бирже может быть удобным, но это также увеличивает риск потери ваших средств из-за взлома. Рассмотрите возможность использования аппаратного кошелька для хранения ваших криптовалют.

Помните, что инвестирование в криптовалюты подразумевает определенные риски, поэтому всегда важно проводить свое собственное исследование и инвестировать только то, что вы готовы потерять.

Если у вас есть дополнительные вопросы или вам нужна помощь в процессе, пожалуйста, обращайтесь.
2024-04-11 07:33:13,515 - __main__ - INFO - Обработка сообщения от пользователя @KholmogorovEA завершена
2024-04-11 07:33:55,012 - __main__ - INFO - Пользователь @KholmogorovEA (ID: 1496521183) отправил сообщение: Как получить доллары за свою крипту?
2024-04-11 07:33:56,309 - __main__ - INFO - Вызов async_get_answer для пользователя @KholmogorovEA (ID: 1496521183) с запросом: Как получить доллары за свою крипту?
2024-04-11 07:34:25,722 - __main__ - INFO - Ответ от async_get_answer для @KholmogorovEA (ID: 1496521183): Продажа криптовалюты за доллары (или любую другую фиатную валюту) обычно происходит на криптовалютной бирже. Вот основные шаги:

1. Выберите подходящую биржу: Выберите биржу, которая позволяет вам продать криптовалюту за доллары. Некоторые из самых популярных бирж, которые предлагают такие операции, включают Coinbase, Binance и Kraken.

2. Зарегистрируйтесь и верифицируйте аккаунт: Если у вас еще нет аккаунта на выбранной бирже, вам придется зарегистрироваться и пройти процесс верификации.

3. Переведите криптовалюту на биржу: Чтобы продать криптовалюту, вы должны перевести ее с вашего кошелька на биржу. Это обычно делается, создавая депозитный адрес для конкретной криптовалюты и отправляя криптовалюту на этот адрес.

4. Продайте криптовалюту: После того, как криптовалюту зачислили на ваш аккаунт на бирже, вы можете продать ее за доллары.

5. Вывод долларов: После продажи криптовалюты вы можете вывести доллары на свой банковский счет или дебетовую карту, если биржа поддерживает такую операцию.

Пожалуйста, обратите внимание, что некоторые биржи могут взимать комиссию за торговлю и вывод средств. Важно также помнить о налогах, которые могут начисляться при продаже криптовалюты.

Если у вас есть дополнительные вопросы или вам нужна помощь в процессе, пожалуйста, обращайтесь.
2024-04-11 07:34:26,894 - __main__ - INFO - Обработка сообщения от пользователя @KholmogorovEA завершена
2024-04-11 07:36:27,995 - __main__ - INFO - Пользователь @KholmogorovEA (ID: 1496521183) отправил сообщение: есть какие-то способы ссылки?
2024-04-11 07:36:29,295 - __main__ - INFO - Вызов async_get_answer для пользователя @KholmogorovEA (ID: 1496521183) с запросом: есть какие-то способы ссылки?
2024-04-11 07:36:52,140 - __main__ - INFO - Ответ от async_get_answer для @KholmogorovEA (ID: 1496521183): Ссылки на криптовалютные биржи, где вы можете продать свою криптовалюту:
1. Binance: [https://www.binance.com](https://www.binance.com)
2. Coinbase: [https://www.coinbase.com](https://www.coinbase.com)
3. Kraken: [https://www.kraken.com](https://www.kraken.com)

Пожалуйста, помните, что перед использованием этих платформ вам потребуется зарегистрироваться и пройти процесс верификации.

Если вы новичок в мире криптовалют и хотите узнать больше о процессе продажи, вот несколько полезных ресурсов:

1. Руководство по продаже криптовалюты на Coinbase: [https://help.coinbase.com/en/coinbase/trading-and-funding/cryptocurrency-trading-pairs/selling-or-withdrawing-cryptocurrency](https://help.coinbase.com/en/coinbase/trading-and-funding/cryptocurrency-trading-pairs/selling-or-withdrawing-cryptocurrency)
2. Руководство по продаже криптовалюты на Binance: [https://www.binance.com/en/support/faq/115003670492](https://www.binance.com/en/support/faq/115003670492)
3. Руководство по продаже криптовалюты на Kraken: [https://support.kraken.com/hc/en-us/articles/360000381846-How-to-sell-digital-assets-on-Kraken](https://support.kraken.com/hc/en-us/articles/360000381846-How-to-sell-digital-assets-on-Kraken)

Я надеюсь, это поможет! Если у вас есть дополнительные вопросы, не стесняйтесь задавать.
2024-04-11 07:36:54,047 - __main__ - INFO - Обработка сообщения от пользователя @KholmogorovEA завершена
2024-04-11 07:37:13,380 - __main__ - INFO - Пользователь @KholmogorovEA (ID: 1496521183) отправил сообщение: огонь!
2024-04-11 07:37:14,522 - __main__ - INFO - Вызов async_get_answer для пользователя @KholmogorovEA (ID: 1496521183) с запросом: огонь!
2024-04-11 07:37:24,034 - __main__ - INFO - Ответ от async_get_answer для @KholmogorovEA (ID: 1496521183): Я рада, что могу быть полезной! Если у вас есть еще вопросы по криптовалютам, буду рада помочь. Или, может быть, вы хотели бы обсудить свою инвестиционную стратегию или узнать больше о деятельности Alloca? В любом случае, я здесь, чтобы помочь!
2024-04-11 07:37:25,237 - __main__ - INFO - Обработка сообщения от пользователя @KholmogorovEA завершена
2024-04-11 09:25:03,934 - __main__ - INFO - Пользователь @KholmogorovEA (ID: 1496521183) отправил сообщение: Сколько биткоин стоит ?
2024-04-11 09:25:05,676 - __main__ - INFO - Вызов async_get_answer для пользователя @KholmogorovEA (ID: 1496521183) с запросом: Сколько биткоин стоит ?
2024-04-11 09:25:18,492 - __main__ - INFO - Ответ от async_get_answer для @KholmogorovEA (ID: 1496521183): Цена биткоина постоянно меняется в зависимости от рыночного спроса и предложения. Чтобы узнать текущую цену биткоина, вы можете воспользоваться сервисами вроде CoinMarketCap (https://coinmarketcap.com/) или CoinGecko (https://www.coingecko.com/), которые предоставляют актуальную информацию о ценах на криптовалюты. 

Также, пожалуйста, помните, что инвестиции в криптовалюты сопряжены с риском и всегда важно проводить свое собственное исследование перед инвестированием.

Есть ли у вас другие вопросы, с которыми я могу вам помочь?
2024-04-11 09:25:19,790 - __main__ - INFO - Обработка сообщения от пользователя @KholmogorovEA завершена
2024-04-11 09:25:57,032 - __main__ - INFO - Пользователь @KholmogorovEA (ID: 1496521183) отправил сообщение: Огонь , расскажи анекдот
2024-04-11 09:25:58,192 - __main__ - INFO - Вызов async_get_answer для пользователя @KholmogorovEA (ID: 1496521183) с запросом: Огонь , расскажи анекдот
2024-04-11 09:26:10,371 - __main__ - INFO - Ответ от async_get_answer для @KholmogorovEA (ID: 1496521183): Конечно, вот один для вас:

Заходит как-то криптовалютный трейдер в бар и заказывает стакан воды. Бармен достает воду, а трейдер говорит: "Я передумал, я хочу стакан виски". Бармен спрашивает: "Почему вы передумали?" Трейдер ответил: "Я просто проверял, как быстро меняется стоимость моего заказа".

Надеюсь, это подняло вам настроение! Чем еще я могу помочь?
2024-04-11 09:26:11,656 - __main__ - INFO - Обработка сообщения от пользователя @KholmogorovEA завершена
2024-04-11 09:26:47,301 - __main__ - INFO - Пользователь @KholmogorovEA (ID: 1496521183) отправил сообщение: Напиши код декоратора на питон
2024-04-11 09:26:48,638 - __main__ - INFO - Вызов async_get_answer для пользователя @KholmogorovEA (ID: 1496521183) с запросом: Напиши код декоратора на питон
2024-04-11 09:27:02,657 - __main__ - INFO - Ответ от async_get_answer для @KholmogorovEA (ID: 1496521183): Конечно, вот простой пример декоратора на Python:

```python
def my_decorator(func):
    def wrapper():
        print("Что-то происходит до вызова функции.")
        func()
        print("Что-то происходит после вызова функции.")
    return wrapper

@my_decorator
def say_hello():
    print("Привет!")

say_hello()
```

Когда вы вызываете `say_hello()`, он сначала печатает строку "Что-то происходит до вызова функции.", затем печатает "Привет!", а затем "Что-то происходит после вызова функции.".

Декораторы - это способ обернуть функцию другой функцией, чтобы расширить ее поведение без изменения ее кода.

Надеюсь, это было полезно! Если у вас есть еще вопросы, я здесь, чтобы помочь.
2024-04-11 09:27:03,830 - __main__ - INFO - Обработка сообщения от пользователя @KholmogorovEA завершена
2024-04-11 09:27:56,374 - __main__ - INFO - Пользователь @KholmogorovEA (ID: 1496521183) отправил сообщение: Кто главный ? С кем поговорить по телефон?
2024-04-11 09:27:58,157 - __main__ - INFO - Вызов async_get_answer для пользователя @KholmogorovEA (ID: 1496521183) с запросом: Кто главный ? С кем поговорить по телефон?
2024-04-11 09:28:15,969 - __main__ - INFO - Ответ от async_get_answer для @KholmogorovEA (ID: 1496521183): Основателем компании Alloca является Евгений Абрамов. Если вы хотите связаться с ним, вы можете найти его в следующих социальных сетях:

Instagram: [https://www.instagram.com/evgen.abramov](https://www.instagram.com/evgen.abramov)
Telegram: [https://t.me/EvgenAbramow](https://t.me/EvgenAbramow)
YouTube: [https://youtube.com/@evgen.abramov](https://youtube.com/@evgen.abramov)

Если у вас возникнут вопросы, которые я не смогу ответить, я могу предложить вам связаться с нашим старшим консультантом по этой ссылке: [https://t.me/sovetnik_q](https://t.me/sovetnik_q)

Пожалуйста, обратите внимание, что мы обычно общаемся с нашими клиентами через интернет, и у нас нет возможности предоставить телефонный номер для связи. Если у вас есть дополнительные вопросы или вам нужна дополнительная помощь, я здесь, чтобы помочь!
2024-04-11 09:28:17,288 - __main__ - INFO - Обработка сообщения от пользователя @KholmogorovEA завершена
2024-04-11 09:28:17,872 - __main__ - INFO - Пользователь @KholmogorovEA (ID: 1496521183) отправил сообщение: Порно анекдот расскажи
2024-04-11 09:28:18,132 - __main__ - INFO - Вызов async_get_answer для пользователя @KholmogorovEA (ID: 1496521183) с запросом: Порно анекдот расскажи
2024-04-11 09:28:28,294 - __main__ - INFO - Ответ от async_get_answer для @KholmogorovEA (ID: 1496521183): Извините, но в соответствии с нашими правилами и регулятивными стандартами, я не могу рассказывать неприемлемые или неподобающие анекдоты. Могу помочь вам с вопросами, связанными с инвестициями в криптовалюты или предоставить информацию о компании Alloca. В чем вы нуждаетесь?
2024-04-11 09:28:29,585 - __main__ - INFO - Обработка сообщения от пользователя @KholmogorovEA завершена
2024-04-11 09:29:01,634 - __main__ - INFO - Пользователь @KholmogorovEA (ID: 1496521183) отправил сообщение: Когда умер сталин ?
2024-04-11 09:29:02,828 - __main__ - INFO - Вызов async_get_answer для пользователя @KholmogorovEA (ID: 1496521183) с запросом: Когда умер сталин ?
2024-04-11 09:29:10,704 - __main__ - INFO - Ответ от async_get_answer для @KholmogorovEA (ID: 1496521183): Иосиф Сталин умер 5 марта 1953 года.
2024-04-11 09:29:12,397 - __main__ - INFO - Обработка сообщения от пользователя @KholmogorovEA завершена
2024-04-11 09:29:20,028 - __main__ - INFO - Пользователь @KholmogorovEA (ID: 1496521183) отправил сообщение: Какая сейчас погода?
2024-04-11 09:29:21,239 - __main__ - INFO - Вызов async_get_answer для пользователя @KholmogorovEA (ID: 1496521183) с запросом: Какая сейчас погода?
2024-04-11 09:29:30,245 - __main__ - INFO - Ответ от async_get_answer для @KholmogorovEA (ID: 1496521183): Извините, но как бот, я не имею доступа к текущим метеорологическим данным. Я рекомендую проверить погоду в интернете или через мобильное приложение на вашем устройстве.
2024-04-11 09:29:31,403 - __main__ - INFO - Обработка сообщения от пользователя @KholmogorovEA завершена
2024-04-11 12:49:04,956 - __main__ - INFO - Пользователь @sovetnik_q (ID: 6515378926) отправил сообщение: привет
2024-04-11 12:49:06,715 - __main__ - INFO - Вызов async_get_answer для пользователя @sovetnik_q (ID: 6515378926) с запросом: привет
2024-04-11 12:49:12,554 - __main__ - INFO - Ответ от async_get_answer для @sovetnik_q (ID: 6515378926): Привет! Как я могу помочь вам сегодня?
2024-04-11 12:49:13,746 - __main__ - INFO - Обработка сообщения от пользователя @sovetnik_q завершена
2024-04-11 12:49:25,637 - __main__ - INFO - Пользователь @sovetnik_q (ID: 6515378926) отправил сообщение: что там по крипте интересного ?
2024-04-11 12:49:26,766 - __main__ - INFO - Вызов async_get_answer для пользователя @sovetnik_q (ID: 6515378926) с запросом: что там по крипте интересного ?
2024-04-11 12:49:47,175 - __main__ - INFO - Ответ от async_get_answer для @sovetnik_q (ID: 6515378926): Криптовалютный мир всегда полон интересных событий и новостей. Сейчас особое внимание уделяется следующим темам:

1) Развитие DeFi (децентрализованные финансы) и NFT (невзаимозаменяемые токены) продолжает привлекать внимание инвесторов и разработчиков, что способствует появлению новых проектов и продвижению уже существующих.

2) Важной темой является также взаимодействие криптовалют и регуляторов. Многие страны ищут способы регулирования криптовалютного рынка, что может привести к значительным изменениям в индустрии.

3) Не стоит забывать и о технологическом развитии индустрии. Протоколы второго уровня, например, Lightning Network, предлагают новые возможности для улучшения масштабируемости блокчейнов первого уровня.

По каким вопросам вы хотели бы получить больше информации?
2024-04-11 12:49:48,323 - __main__ - INFO - Обработка сообщения от пользователя @sovetnik_q завершена
2024-04-11 14:51:54,489 - __main__ - INFO - Пользователь @KholmogorovEA (ID: 1496521183) отправил сообщение: привет
2024-04-11 14:51:54,705 - __main__ - INFO - Вызов async_get_answer для пользователя @KholmogorovEA (ID: 1496521183) с запросом: привет
2024-04-11 15:04:06,223 - __main__ - INFO - Пользователь @KholmogorovEA (ID: 1496521183) отправил сообщение: привет
2024-04-11 15:04:06,611 - __main__ - INFO - Вызов async_get_answer для пользователя @KholmogorovEA (ID: 1496521183) с запросом: привет
2024-04-11 15:04:12,130 - __main__ - INFO - Ответ от async_get_answer для @KholmogorovEA (ID: 1496521183): Привет! Как я могу помочь вам сегодня?
2024-04-11 15:04:13,348 - __main__ - INFO - Обработка сообщения от пользователя @KholmogorovEA завершена
2024-04-11 15:04:27,773 - __main__ - INFO - Пользователь @KholmogorovEA (ID: 1496521183) отправил сообщение: ты кто ?
2024-04-11 15:04:29,029 - __main__ - INFO - Вызов async_get_answer для пользователя @KholmogorovEA (ID: 1496521183) с запросом: ты кто ?
2024-04-11 15:04:39,790 - __main__ - INFO - Ответ от async_get_answer для @KholmogorovEA (ID: 1496521183): Привет! Меня зовут Елизавета, я консультант компании Alloca. Мы занимаемся инвестированием в криптовалютные проекты ранних стадий. Могу я помочь вам с чем-то конкретным?
2024-04-11 15:04:40,956 - __main__ - INFO - Обработка сообщения от пользователя @KholmogorovEA завершена
2024-04-11 15:05:26,818 - __main__ - INFO - Пользователь @KholmogorovEA (ID: 1496521183) отправил сообщение: ссылку на старшего советника отправь
2024-04-11 15:05:28,019 - __main__ - INFO - Вызов async_get_answer для пользователя @KholmogorovEA (ID: 1496521183) с запросом: ссылку на старшего советника отправь
2024-04-11 15:05:35,632 - __main__ - INFO - Ответ от async_get_answer для @KholmogorovEA (ID: 1496521183): Конечно, вот ссылка на нашего старшего консультанта: https://t.me/sovetnik_q. Вы всегда можете обратиться к нему за дополнительной информацией и помощью.
2024-04-11 15:05:36,986 - __main__ - INFO - Обработка сообщения от пользователя @KholmogorovEA завершена
2024-04-11 15:05:45,066 - __main__ - INFO - Пользователь @KholmogorovEA (ID: 1496521183) отправил сообщение: анекдот расскажи
2024-04-11 15:05:46,168 - __main__ - INFO - Вызов async_get_answer для пользователя @KholmogorovEA (ID: 1496521183) с запросом: анекдот расскажи
2024-04-11 15:05:55,090 - __main__ - INFO - Ответ от async_get_answer для @KholmogorovEA (ID: 1496521183): Извините, но я здесь, чтобы помочь вам с вопросами, связанными с инвестированием в криптовалюты и проекты ранних стадий, к которым относится наша компания Alloca. Если у вас есть вопросы по этой тематике, буду рада помочь!

2024-04-11 15:05:56,262 - __main__ - INFO - Обработка сообщения от пользователя @KholmogorovEA завершена
2024-04-11 15:15:53,655 - __main__ - ERROR - All rihgt установлено
2024-04-11 15:17:26,609 - __main__ - ERROR - All rihgt установлено
2024-04-11 15:17:31,309 - __main__ - ERROR - All rihgt установлено
